<?xml version="1.0" encoding="UTF-8"?>
<testsuite xmlns:xsi="http://www.w3.org/2001/XMLSchema-instance" xsi:noNamespaceSchemaLocation="https://maven.apache.org/surefire/maven-surefire-plugin/xsd/surefire-test-report.xsd" version="3.0.2" name="com.shelfy.ShelfyApplicationTests" time="5.459" tests="1" errors="0" skipped="0" failures="0">
  <properties>
[...]
</properties>
  <testcase name="contextLoads" classname="com.shelfy.ShelfyApplicationTests" time="0.419">
    <system-out><![CDATA[12:13:27.518 [main] INFO org.springframework.test.context.support.AnnotationConfigContextLoaderUtils -- Could not detect default configuration classes for test class [com.shelfy.ShelfyApplicationTests]: ShelfyApplicationTests does not declare any static, non-private, non-final, nested classes annotated with @Configuration.
12:13:27.627 [main] INFO org.springframework.boot.test.context.SpringBootTestContextBootstrapper -- Found @SpringBootConfiguration com.shelfy.ShelfyApplication for test class com.shelfy.ShelfyApplicationTests

  .   ____          _            __ _ _
 /\\ / ___'_ __ _ _(_)_ __  __ _ \ \ \ \
( ( )\___ | '_ | '_| | '_ \/ _` | \ \ \ \
 \\/  ___)| |_)| | | | | || (_| |  ) ) ) )
  '  |____| .__|_| |_|_| |_\__, | / / / /
 =========|_|==============|___/=/_/_/_/

 :: Spring Boot ::                (v3.5.0)

2026-09-15T12:13:27.992+02:00  INFO 19512 --- [shelfy-backend] [           main] com.shelfy.ShelfyApplicationTests        : Starting ShelfyApplicationTests using Java 21.0.10 with PID 19512 (started by Usuario in C:\Users\Usuario\Desktop\Shelfy\shelfy-backend)
2026-09-15T12:13:27.993+02:00  INFO 19512 --- [shelfy-backend] [           main] com.shelfy.ShelfyApplicationTests        : The following 1 profile is active: "local"
2026-09-15T12:13:28.801+02:00  INFO 19512 --- [shelfy-backend] [           main] .s.d.r.c.RepositoryConfigurationDelegate : Bootstrapping Spring Data JPA repositories in DEFAULT mode.
2026-09-15T12:13:28.869+02:00  INFO 19512 --- [shelfy-backend] [           main] .s.d.r.c.RepositoryConfigurationDelegate : Finished Spring Data repository scanning in 53 ms. Found 4 JPA repository interfaces.
2026-09-15T12:13:29.434+02:00  INFO 19512 --- [shelfy-backend] [           main] o.hibernate.jpa.internal.util.LogHelper  : HHH000204: Processing PersistenceUnitInfo [name: default]
2026-09-15T12:13:29.534+02:00  INFO 19512 --- [shelfy-backend] [           main] org.hibernate.Version                    : HHH000412: Hibernate ORM core version 6.6.15.Final
2026-09-15T12:13:29.565+02:00  INFO 19512 --- [shelfy-backend] [           main] o.h.c.internal.RegionFactoryInitiator    : HHH000026: Second-level cache disabled
2026-09-15T12:13:29.763+02:00  INFO 19512 --- [shelfy-backend] [           main] o.s.o.j.p.SpringPersistenceUnitInfo      : No LoadTimeWeaver setup: ignoring JPA class transformer
2026-09-15T12:13:29.788+02:00  INFO 19512 --- [shelfy-backend] [           main] com.zaxxer.hikari.HikariDataSource       : HikariPool-1 - Starting...
2026-09-15T12:13:29.922+02:00  INFO 19512 --- [shelfy-backend] [           main] com.zaxxer.hikari.pool.HikariPool        : HikariPool-1 - Added connection conn0: url=jdbc:h2:mem:shelfy user=SA
2026-09-15T12:13:29.924+02:00  INFO 19512 --- [shelfy-backend] [           main] com.zaxxer.hikari.HikariDataSource       : HikariPool-1 - Start completed.
2026-09-15T12:13:29.964+02:00  INFO 19512 --- [shelfy-backend] [           main] org.hibernate.orm.connections.pooling    : HHH10001005: Database info:
	Database JDBC URL [Connecting through datasource 'HikariDataSource (HikariPool-1)']
	Database driver: undefined/unknown
	Database version: 2.3.232
	Autocommit mode: undefined/unknown
	Isolation level: undefined/unknown
	Minimum pool size: undefined/unknown
	Maximum pool size: undefined/unknown
2026-09-15T12:13:30.714+02:00  INFO 19512 --- [shelfy-backend] [           main] o.h.e.t.j.p.i.JtaPlatformInitiator       : HHH000489: No JTA platform available (set 'hibernate.transaction.jta.platform' to enable JTA platform integration)
Hibernate: 
    drop table if exists book_categories cascade 
Hibernate: 
    drop table if exists books cascade 
Hibernate: 
    drop table if exists categories cascade 
Hibernate: 
    drop table if exists reviews cascade 
Hibernate: 
    drop table if exists users cascade 
Hibernate: 
    create table book_categories (
        book_id bigint not null,
        category_id bigint not null,
        primary key (book_id, category_id)
    )
Hibernate: 
    create table books (
        page_count integer,
        created_at timestamp(6) with time zone,
        id bigint generated by default as identity,
        owner_id bigint not null,
        updated_at timestamp(6) with time zone,
        isbn varchar(20),
        cover_url varchar(1000),
        author varchar(255),
        synopsis TEXT,
        title varchar(255) not null,
        status enum ('READ','READING','WANT_TO_BUY','WANT_TO_READ') not null,
        primary key (id)
    )
Hibernate: 
    create table categories (
        id bigint generated by default as identity,
        owner_id bigint not null,
        name varchar(255) not null,
        primary key (id),
        unique (name, owner_id)
    )
Hibernate: 
    create table reviews (
        rating integer not null,
        book_id bigint not null,
        created_at timestamp(6) with time zone,
        id bigint generated by default as identity,
        user_id bigint not null,
        text TEXT,
        primary key (id)
    )
Hibernate: 
    create table users (
        id bigint generated by default as identity,
        email varchar(255) not null unique,
        name varchar(255) not null,
        password varchar(255) not null,
        language_preference enum ('CA','EN','ES') not null,
        theme_preference enum ('DARK','LIGHT','SYSTEM') not null,
        primary key (id)
    )
Hibernate: 
    alter table if exists book_categories 
       add constraint FKrg2xlmc92mm2y5b1wmhd2g0y0 
       foreign key (category_id) 
       references categories
Hibernate: 
    alter table if exists book_categories 
       add constraint FK3k3ahp5vqlgmrr9swqqprmbxy 
       foreign key (book_id) 
       references books
Hibernate: 
    alter table if exists books 
       add constraint FKqhbjpnph6e33p08wfax7dd475 
       foreign key (owner_id) 
       references users
Hibernate: 
    alter table if exists categories 
       add constraint FKpl6qisipoxopuit3vb44cu4oc 
       foreign key (owner_id) 
       references users
Hibernate: 
    alter table if exists reviews 
       add constraint FK6a9k6xvev80se5rreqvuqr7f9 
       foreign key (book_id) 
       references books
Hibernate: 
    alter table if exists reviews 
       add constraint FKcgy7qjc1r99dp117y9en6lxye 
       foreign key (user_id) 
       references users
2026-09-15T12:13:30.757+02:00  INFO 19512 --- [shelfy-backend] [           main] j.LocalContainerEntityManagerFactoryBean : Initialized JPA EntityManagerFactory for persistence unit 'default'
2026-09-15T12:13:31.122+02:00  INFO 19512 --- [shelfy-backend] [           main] r$InitializeUserDetailsManagerConfigurer : Global AuthenticationManager configured with UserDetailsService bean with name customUserDetailsService
2026-09-15T12:13:31.643+02:00  INFO 19512 --- [shelfy-backend] [           main] o.s.b.a.e.web.EndpointLinksResolver      : Exposing 1 endpoint beneath base path '/actuator'
2026-09-15T12:13:32.106+02:00  INFO 19512 --- [shelfy-backend] [           main] com.shelfy.ShelfyApplicationTests        : Started ShelfyApplicationTests in 4.355 seconds (process running for 6.631)
Hibernate: 
    select
        u1_0.id 
    from
        users u1_0 
    where
        upper(u1_0.email)=upper(?) 
    fetch
        first ? rows only
Hibernate: 
    insert 
    into
        users
        (email, language_preference, name, password, theme_preference, id) 
    values
        (?, ?, ?, ?, ?, default)
Hibernate: 
    insert 
    into
        categories
        (name, owner_id, id) 
    values
        (?, ?, default)
Hibernate: 
    insert 
    into
        categories
        (name, owner_id, id) 
    values
        (?, ?, default)
Hibernate: 
    insert 
    into
        books
        (author, cover_url, created_at, isbn, owner_id, page_count, status, synopsis, title, updated_at, id) 
    values
        (?, ?, ?, ?, ?, ?, ?, ?, ?, ?, default)
Hibernate: 
    insert 
    into
        book_categories
        (book_id, category_id) 
    values
        (?, ?)
Hibernate: 
    insert 
    into
        books
        (author, cover_url, created_at, isbn, owner_id, page_count, status, synopsis, title, updated_at, id) 
    values
        (?, ?, ?, ?, ?, ?, ?, ?, ?, ?, default)
Hibernate: 
    insert 
    into
        book_categories
        (book_id, category_id) 
    values
        (?, ?)
Hibernate: 
    insert 
    into
        books
        (author, cover_url, created_at, isbn, owner_id, page_count, status, synopsis, title, updated_at, id) 
    values
        (?, ?, ?, ?, ?, ?, ?, ?, ?, ?, default)
Hibernate: 
    insert 
    into
        book_categories
        (book_id, category_id) 
    values
        (?, ?)
2026-09-15T12:13:32.412+02:00  INFO 19512 --- [shelfy-backend] [           main] com.shelfy.config.SeedDataLoader         : Datos de ejemplo cargados — login: demo@shelfy.app / shelfy123
]]></system-out>
    <system-err><![CDATA[Mockito is currently self-attaching to enable the inline-mock-maker. This will no longer work in future releases of the JDK. Please add Mockito as an agent to your build as described in Mockito's documentation: https://javadoc.io/doc/org.mockito/mockito-core/latest/org.mockito/org/mockito/Mockito.html#0.3
WARNING: A Java agent has been loaded dynamically (C:\Users\Usuario\.m2\repository\net\bytebuddy\byte-buddy-agent\1.17.5\byte-buddy-agent-1.17.5.jar)
WARNING: If a serviceability tool is in use, please run with -XX:+EnableDynamicAgentLoading to hide this warning
WARNING: If a serviceability tool is not in use, please run with -Djdk.instrument.traceUsage for more information
WARNING: Dynamic loading of agents will be disallowed by default in a future release
]]></system-err>
  </testcase>
</testsuite>